<?xml version="1.0" encoding="UTF-8"?>
<!-- Generated by org.testng.reporters.JUnitReportReporter -->
<testsuite hostname="DESKTOP-ETTCGVF" failures="0" tests="2" name="testNG.Sample" time="0.013" errors="0" timestamp="2022-10-19T12:59:28 IST" skipped="1">
  <testcase classname="testNG.Sample" name="fifthTestCase" time="0.013"/>
  <system-out/>
  <testcase classname="testNG.Sample" name="fourthTestCase">
    <skipped/>
  </testcase> <!-- fourthTestCase -->
  <system-out/>
</testsuite> <!-- testNG.Sample -->
